c:\users\saxorkh\desktop\practica1pacman\pacman\debug\vc141.pdb
c:\users\saxorkh\desktop\practica1pacman\pacman\debug\vc141.idb
c:\users\saxorkh\desktop\practica1pacman\pacman\debug\game.obj
c:\users\saxorkh\desktop\practica1pacman\pacman\debug\gameobject.obj
c:\users\saxorkh\desktop\practica1pacman\pacman\debug\ghost.obj
c:\users\saxorkh\desktop\practica1pacman\pacman\debug\main.obj
c:\users\saxorkh\desktop\practica1pacman\pacman\debug\pacman.obj
c:\users\saxorkh\desktop\practica1pacman\pacman\debug\pacmanobject.obj
c:\users\saxorkh\desktop\practica1pacman\pacman\debug\smartghost.obj
c:\users\saxorkh\desktop\practica1pacman\pacman\debug\texture.obj
c:\users\saxorkh\desktop\practica1pacman\pacman\debug\gamecharacter.obj
c:\users\saxorkh\desktop\practica1pacman\pacman\debug\gamemap.obj
c:\users\saxorkh\desktop\practica1pacman\pacman\debug\menubutton.obj
c:\users\saxorkh\desktop\practica1pacman\bin\pacmandebug.exe
c:\users\saxorkh\desktop\practica1pacman\bin\pacmandebug.ilk
c:\users\saxorkh\desktop\practica1pacman\bin\pacmandebug.pdb
c:\users\saxorkh\desktop\practica1pacman\pacman\debug\pacman.tlog\cl.command.1.tlog
c:\users\saxorkh\desktop\practica1pacman\pacman\debug\pacman.tlog\cl.read.1.tlog
c:\users\saxorkh\desktop\practica1pacman\pacman\debug\pacman.tlog\cl.write.1.tlog
c:\users\saxorkh\desktop\practica1pacman\pacman\debug\pacman.tlog\link.command.1.tlog
c:\users\saxorkh\desktop\practica1pacman\pacman\debug\pacman.tlog\link.read.1.tlog
c:\users\saxorkh\desktop\practica1pacman\pacman\debug\pacman.tlog\link.write.1.tlog
